-7.8531680 after  1 iteration
-7.8539805 after  2 iteration
-7.8539815 after  3 iteration
-7.8539815 after  4 iteration
The root is : -5 times π/2
     after  4 iterations
-4.7115698 after  1 iteration
-4.7123880 after  2 iteration
-4.7123890 after  3 iteration
-4.7123890 after  4 iteration
The root is : -3 times π/2
     after  4 iterations
-1.5699769 after  1 iteration
-1.5707952 after  2 iteration
-1.5707964 after  3 iteration
-1.5707964 after  4 iteration
The root is : -1 times π/2
     after  4 iterations
 1.5716157 after  1 iteration
 1.5707974 after  2 iteration
 1.5707964 after  3 iteration
 1.5707964 after  4 iteration
The root is :  1 times π/2
     after  4 iterations
 4.7129946 after  1 iteration
 4.7123899 after  2 iteration
 4.7123890 after  3 iteration
 4.7123890 after  4 iteration
The root is :  3 times π/2
     after  4 iterations
 7.8545871 after  1 iteration
 7.8539824 after  2 iteration
 7.8539815 after  3 iteration
 7.8539815 after  4 iteration
The root is :  5 times π/2
     after  4 iterations
