-9.4143038 after  1 iteration
-9.4252872 after  2 iteration
-9.4247532 after  3 iteration
-9.4247789 after  4 iteration
-9.4247780 after  5 iteration
-9.4247780 after  6 iteration
The root is : -3 times π
     after  6 iterations
-6.2823658 after  1 iteration
-6.2831841 after  2 iteration
-6.2831855 after  3 iteration
-6.2831855 after  4 iteration
The root is : -2 times π
     after  4 iterations
-3.1407733 after  1 iteration
-3.1415915 after  2 iteration
-3.1415927 after  3 iteration
-3.1415927 after  4 iteration
The root is : -1 times π
     after  4 iterations
 0.0008194 after  1 iteration
 0.0000000 after  2 iteration
 0.0000000 after  3 iteration
The root is :  0 times π
     after  3 iterations
 3.1421983 after  1 iteration
 3.1415935 after  2 iteration
 3.1415927 after  3 iteration
 3.1415927 after  4 iteration
The root is :  1 times π
     after  4 iterations
 6.2837911 after  1 iteration
 6.2831860 after  2 iteration
 6.2831855 after  3 iteration
 6.2831855 after  4 iteration
The root is :  2 times π
     after  4 iterations
 9.4327965 after  1 iteration
 9.4243889 after  2 iteration
 9.4247971 after  3 iteration
 9.4247770 after  4 iteration
 9.4247780 after  5 iteration
 9.4247780 after  6 iteration
The root is :  3 times π
     after  6 iterations
